<?xml version="1.0" encoding="UTF-8"?>
<!-- Generated by org.testng.reporters.JUnitReportReporter -->
<testsuite hostname="DESKTOP-S7U6A62" failures="0" tests="1" name="tests.HomePageTest" time="1.129" errors="0" timestamp="10 Jan 2022 05:22:35 GMT" skipped="0">
  <testcase classname="tests.HomePageTest" name="searchTest" time="1.129"/>
</testsuite> <!-- tests.HomePageTest -->
