<?xml version="1.0" encoding="UTF-8"?>
<!-- Generated by org.testng.reporters.JUnitReportReporter -->
<testsuite hostname="DESKTOP-S7U6A62" failures="0" tests="2" name="tests.SearchParameterResultPage" time="5.269" errors="0" timestamp="10 Jan 2022 05:22:35 GMT" skipped="0">
  <testcase classname="tests.SearchParameterResultPage" name="searchResultTest" time="2.763"/>
  <testcase classname="tests.SearchParameterResultPage" name="searchResultTest" time="2.506"/>
</testsuite> <!-- tests.SearchParameterResultPage -->
